<?xml version="1.0" encoding="UTF-8"?>
<testng-results skipped="0" failed="0" ignored="0" total="1" passed="1">
  <reporter-output>
  </reporter-output>
  <suite name="Surefire suite" duration-ms="60" started-at="2022-02-02T01:12:09 SGT" finished-at="2022-02-02T01:12:09 SGT">
    <groups>
    </groups>
    <test name="Surefire test" duration-ms="60" started-at="2022-02-02T01:12:09 SGT" finished-at="2022-02-02T01:12:09 SGT">
      <class name="com.sddevops.selenium_maven.eclipse.NewTest">
        <test-method status="PASS" signature="beforeTest()[pri:0, instance:com.sddevops.selenium_maven.eclipse.NewTest@1810399e]" name="beforeTest" is-config="true" duration-ms="13" started-at="2022-02-02T01:12:09 SGT" finished-at="2022-02-02T01:12:09 SGT">
          <reporter-output>
          </reporter-output>
        </test-method> <!-- beforeTest -->
        <test-method status="PASS" signature="f()[pri:0, instance:com.sddevops.selenium_maven.eclipse.NewTest@1810399e]" name="f" duration-ms="4" started-at="2022-02-02T01:12:09 SGT" finished-at="2022-02-02T01:12:09 SGT">
          <reporter-output>
          </reporter-output>
        </test-method> <!-- f -->
        <test-method status="PASS" signature="afterTest()[pri:0, instance:com.sddevops.selenium_maven.eclipse.NewTest@1810399e]" name="afterTest" is-config="true" duration-ms="0" started-at="2022-02-02T01:12:09 SGT" finished-at="2022-02-02T01:12:09 SGT">
          <reporter-output>
          </reporter-output>
        </test-method> <!-- afterTest -->
      </class> <!-- com.sddevops.selenium_maven.eclipse.NewTest -->
    </test> <!-- Surefire test -->
  </suite> <!-- Surefire suite -->
</testng-results>
