<?xml version="1.0" encoding="UTF-8"?>
<testng-results ignored="0" total="2" passed="2" failed="0" skipped="0">
  <reporter-output>
  </reporter-output>
  <suite started-at="2022-01-25T23:53:25 SGT" name="Surefire suite" finished-at="2022-01-25T23:53:30 SGT" duration-ms="4345">
    <groups>
    </groups>
    <test started-at="2022-01-25T23:53:25 SGT" name="Surefire test" finished-at="2022-01-25T23:53:30 SGT" duration-ms="4345">
      <class name="com.sddevops.selenium_maven.eclipse.AppTest">
        <test-method signature="shouldAnswerWithTrue()[pri:0, instance:com.sddevops.selenium_maven.eclipse.AppTest@1725dc0f]" started-at="2022-01-25T23:53:25 SGT" name="shouldAnswerWithTrue" finished-at="2022-01-25T23:53:25 SGT" duration-ms="0" status="PASS">
          <reporter-output>
          </reporter-output>
        </test-method> <!-- shouldAnswerWithTrue -->
      </class> <!-- com.sddevops.selenium_maven.eclipse.AppTest -->
      <class name="com.sddevops.selenium_maven.eclipse.NewTest">
        <test-method is-config="true" signature="beforeTest()[pri:0, instance:com.sddevops.selenium_maven.eclipse.NewTest@31368b99]" started-at="2022-01-25T23:53:25 SGT" name="beforeTest" finished-at="2022-01-25T23:53:25 SGT" duration-ms="3" status="PASS">
          <reporter-output>
          </reporter-output>
        </test-method> <!-- beforeTest -->
        <test-method signature="f()[pri:0, instance:com.sddevops.selenium_maven.eclipse.NewTest@31368b99]" started-at="2022-01-25T23:53:25 SGT" name="f" finished-at="2022-01-25T23:53:30 SGT" duration-ms="4332" status="PASS">
          <reporter-output>
          </reporter-output>
        </test-method> <!-- f -->
        <test-method is-config="true" signature="afterTest()[pri:0, instance:com.sddevops.selenium_maven.eclipse.NewTest@31368b99]" started-at="2022-01-25T23:53:30 SGT" name="afterTest" finished-at="2022-01-25T23:53:30 SGT" duration-ms="0" status="PASS">
          <reporter-output>
          </reporter-output>
        </test-method> <!-- afterTest -->
      </class> <!-- com.sddevops.selenium_maven.eclipse.NewTest -->
    </test> <!-- Surefire test -->
  </suite> <!-- Surefire suite -->
</testng-results>
