<?xml version="1.0" encoding="UTF-8"?>
<testng-results ignored="0" total="1" passed="1" failed="0" skipped="0">
  <reporter-output>
  </reporter-output>
  <suite started-at="2022-01-27T15:23:50 SGT" name="Default suite" finished-at="2022-01-27T15:24:15 SGT" duration-ms="24926">
    <groups>
    </groups>
    <test started-at="2022-01-27T15:23:50 SGT" name="Default test" finished-at="2022-01-27T15:24:15 SGT" duration-ms="24926">
      <class name="com.sddevops.selenium_maven.eclipse.NewTest">
        <test-method is-config="true" signature="beforeTest()[pri:0, instance:com.sddevops.selenium_maven.eclipse.NewTest@6ff29830]" started-at="2022-01-27T15:23:50 SGT" name="beforeTest" finished-at="2022-01-27T15:23:50 SGT" duration-ms="5" status="PASS">
          <reporter-output>
          </reporter-output>
        </test-method> <!-- beforeTest -->
        <test-method signature="f()[pri:0, instance:com.sddevops.selenium_maven.eclipse.NewTest@6ff29830]" started-at="2022-01-27T15:23:50 SGT" name="f" finished-at="2022-01-27T15:24:15 SGT" duration-ms="24907" status="PASS">
          <reporter-output>
          </reporter-output>
        </test-method> <!-- f -->
        <test-method is-config="true" signature="afterTest()[pri:0, instance:com.sddevops.selenium_maven.eclipse.NewTest@6ff29830]" started-at="2022-01-27T15:24:15 SGT" name="afterTest" finished-at="2022-01-27T15:24:15 SGT" duration-ms="1" status="PASS">
          <reporter-output>
          </reporter-output>
        </test-method> <!-- afterTest -->
      </class> <!-- com.sddevops.selenium_maven.eclipse.NewTest -->
    </test> <!-- Default test -->
  </suite> <!-- Default suite -->
</testng-results>
